warning: Git tree '/home/runner/work/dots/dots' has uncommitted changes
unpacking 'github:nixos/nixpkgs/fa83fd837f3098e3e678e6cf017b2b36102c7211?narHash=sha256-e7VO/kGLgRMbWtpBqdWl0uFg8Y2XWFMdz0uUJvlML8o%3D' into the Git cache...
unpacking 'github:ChocolateLoverRaj/rust-fp/2d0b547e8800eea66d06fb52ed946f52cab30e37?narHash=sha256-Mw9dcKChPo5meqqRHUKSO6gSbN4yf%2BEDzXy5Fxf2srg%3D' into the Git cache...
unpacking 'github:numtide/flake-utils/b1d9ab70662946ef0850d488da1c9019f3a9752a?narHash=sha256-SZ5L6eA7HJ/nmkzGG7/ISclqe6oZdOZTNoesiInkXPQ%3D' into the Git cache...
unpacking 'github:nix-systems/default/da67096a3b9bf56a91d16901293e51ba5b49a27e?narHash=sha256-Vy1rq5AaRuLzOxct8nz4T6wlgyUR7zLU309k9mBC768%3D' into the Git cache...
unpacking 'github:ryantm/agenix/fcdea223397448d35d9b31f798479227e80183f6?narHash=sha256-wyT7Pl6tMFbFrs8Lk/TlEs81N6L%2BVSybPfiIgzU8lbQ%3D' into the Git cache...
unpacking 'github:tgirlcloud/pkgs/95cfffadf3ce9c4c29b2053be966a108cf781183?narHash=sha256-81eoHWzwOcG0RamW8TwM8GoGjrV7kZkP08QJ5ieUJsE%3D' into the Git cache...
unpacking 'github:nix-community/NUR/9a295cf3eb854bfd18d76be6a18215259bdaf044?narHash=sha256-lTXSlbOpz4pCO%2BOJxS7Og257TnlIlQnNh/oLNa%2BZ2V8%3D' into the Git cache...
unpacking 'github:hercules-ci/flake-parts/205b12d8b7cd4802fbcb8e8ef6a0f1408781a4f9?narHash=sha256-4pDvzqnegAfRkPwO3wmwBhVi/Sye1mzps0zHWYnP88c%3D' into the Git cache...
unpacking 'github:nix-community/home-manager/366d78c2856de6ab3411c15c1cb4fb4c2bf5c826?narHash=sha256-tNqCP/%2B2%2BpeAXXQ2V8RwsBkenlfWMERb%2BUy6xmevyhM%3D' into the Git cache...
unpacking 'github:nixos/nixpkgs/bfc1b8a4574108ceef22f02bafcf6611380c100d?narHash=sha256-msG8SU5WsBUfVVa/9RPLaymvi5bI8edTavbIq3vRlhI%3D' into the Git cache...
these 3 derivations will be built:
  /nix/store/7slkcni32474yzpdfqy9sn76jbsigqwk-source.drv
  /nix/store/dbbxyk1ry3dvwrlw7rgyad022qaagrxw-wut-0.1.3-go-modules.drv
  /nix/store/nkagii7hp0cwdv80klwq8g62xff6f6fa-wut-0.1.3.drv
these 87 paths will be fetched (141.7 MiB download, 698.1 MiB unpacked):
  /nix/store/6gz4kzl3i8x44pssbnyiahvl5vyc9vcq-acl-2.3.2
  /nix/store/y6n0g6yj0hzdq31q1258jn372kflb4dg-attr-2.5.2
  /nix/store/f15k3dpilmiyv6zgpib289rnjykgr1r4-bash-5.3p9
  /nix/store/x12lw455sq6qy2wcya85d7rb88ybc3df-bash-interactive-5.3p9
  /nix/store/47mn80zqpygykqailwzw8zlag4cgl75q-binutils-2.44
  /nix/store/c9fc5jv4nm5c6n60k3m38n57c66hb9i0-binutils-2.44-lib
  /nix/store/i6ppbrlpp6yki8qvka7nyv091xa8dchx-binutils-wrapper-2.44
  /nix/store/q5hdxy658850yynggmkjblbqfgs1w4nq-brotli-1.2.0-lib
  /nix/store/bhz2i66mwm3vdyslixazss6a46h48ib5-bzip2-1.0.8
  /nix/store/90yw24gqmwph4xjp4mqhpx1y1gcrvqla-bzip2-1.0.8-bin
  /nix/store/i2vmgx46q9hd3z6rigaiman3wl3i2gc4-coreutils-9.9
  /nix/store/8ylzjm58ghiq60vklfy58j14sgryjjzw-curl-8.17.0
  /nix/store/z2p2fghmmlz811h4m5gf8dvv831n7pd1-curl-8.17.0
  /nix/store/nkcdnynzmpivn89lqqz3iby95w36vbfi-curl-8.17.0-bin
  /nix/store/1zpdv6g5dawfialmjqnrizmg9c27df8k-curl-8.17.0-dev
  /nix/store/l4yqm58fi4b50caazj7wmbzxam6arg0h-curl-8.17.0-man
  /nix/store/3p87h6dn5i87i3iq9364imzbqgwvkg2p-diffutils-3.12
  /nix/store/g043h47ws2x7icy7qmy7ggqhybbcfk9k-ed-1.22.4
  /nix/store/9v1irc5cj2644cf3j5r3z7x833cablh5-expand-response-params
  /nix/store/p5gjx03bq07a80zqibfi35yrryg5d74f-expat-2.7.3
  /nix/store/nyy0bvgjwd98x7ih8pl6pr79qjljgsf7-file-5.45
  /nix/store/16wfacfgap3chf7mcjnd8dwi85dj4qqi-findutils-4.10.0
  /nix/store/2xq9rayckw8zq26k274xxlikn77jn60j-gawk-5.3.2
  /nix/store/mjf8jlq9grydcdvyw6hb063x5c34g5gf-gcc-15.2.0
  /nix/store/j2kgllgds4w7na8zqv1msi0mpvpjxda8-gcc-15.2.0-lib
  /nix/store/yjmjazfwljzajwq54xlr7vfz77spzr9y-gcc-15.2.0-libgcc
  /nix/store/a245z3cvf9x9sn0xlk6k8j9xhxbhda1z-gcc-wrapper-15.2.0
  /nix/store/ykz6g9bnl3kka132wiw355rzk0bibdqn-gettext-0.25.1
  /nix/store/a8mapvrhrzw6ahgb7iv72h3jbm5ghwdy-git-minimal-2.52.0
  /nix/store/wb6rhpznjfczwlwx23zmdrrw74bayxw4-glibc-2.42-47
  /nix/store/0bdqq2z98kg2hfn3k60if6pb5fd5p10h-glibc-2.42-47-bin
  /nix/store/rwalsamz4246k8f1zzxa54qx7w3fbzdg-glibc-2.42-47-dev
  /nix/store/1gzg2vdnhdbmbspyvw5gygn9hjjmlff0-gmp-6.3.0
  /nix/store/fg597zq78kc4dpbh0is4khy1qfd81xw4-gmp-with-cxx-6.3.0
  /nix/store/bjgsr6vjn2zvp6xp28zf73ny8fnyy74b-gnu-config-2024-01-01
  /nix/store/02vv0r262agf9j5n2y1gmbjvdf12zkl0-gnugrep-3.12
  /nix/store/vbah5c4rzy1q1hbqhginyxjhj8d4dj8j-gnumake-4.4.1
  /nix/store/ryz8kcrm2bxpccllfqlb7qldsfnqp5c2-gnused-4.9
  /nix/store/qyg62bc2xnpwz0fa9prqxvvk00zj4g9q-gnutar-1.35
  /nix/store/zzvsjgylnphvhms3lgr2qlwdxmc68z66-go-1.25.5
  /nix/store/84yyzmxs7mb8nhkvcfv9n1l9irpb6mnq-gzip-1.14
  /nix/store/dm16iwd2p8abxly30iy0idkvzpp0w5zy-iana-etc-20250505
  /nix/store/56q5bvy8f9njwsqj723cjkfhaz70y5i7-isl-0.20
  /nix/store/igdw3jkpj7m445gfynips033jbf6179l-keyutils-1.6.3-lib
  /nix/store/kxfavk87jb5rwhi05qbyk8anlwvw1jk8-krb5-1.22.1
  /nix/store/gi64nay165p6423nbzncp4xiq1sryx9m-krb5-1.22.1-dev
  /nix/store/hia37415k8ckpwnp8wqi54lw6xfxhvgl-krb5-1.22.1-lib
  /nix/store/psvbc8fpgh9qgqfp5ymnr7h0jla36f7p-krb5-1.22.1-lib
  /nix/store/d0d9wqmw5saaynfvmszsda3dmh5q82z8-libidn2-2.3.8
  /nix/store/0jwkg5vcr4b4zi5r5xlg4nizd7h26776-libmpc-1.3.1
  /nix/store/gmhmkl7vnkcwsm9pzykpi3wgwjrlgkwc-libpsl-0.21.5
  /nix/store/6jdchk7hlm0mzi9lgq69p0292y7n89vj-libssh2-1.11.1
  /nix/store/vbsr171scsnz906q7v0ivi6vj4zk8pf1-libssh2-1.11.1
  /nix/store/84lsi0ixsc5jvms03v6x2dyq8kyy2k0z-libssh2-1.11.1-dev
  /nix/store/pkphs076yz5ajnqczzj0588n6miph269-libunistring-1.4.1
  /nix/store/3h3vbisciry5r5rvwbmn4ij8fvy1zx4b-linux-headers-6.18
  /nix/store/3n5kqpahwmk8va5mkygqjj0mn9hqd72n-mailcap-2.1.54
  /nix/store/1mjmg64bj09mjplbvsaabh58l18p0xjq-mirrors-list
  /nix/store/v68a321jp4xqmbk0ly5yn1x4a3ky1y8a-mpfr-4.2.2
  /nix/store/z2903hglhpxv4hyczli0ncdf09wmma92-ncurses-6.6
  /nix/store/i90b5jvf5f8k1hfai9aj29268580078d-nghttp2-1.67.1
  /nix/store/r3f4zs56fzpahwnykhr3wbl1j33ksvxr-nghttp2-1.67.1-dev
  /nix/store/jgmb7ck2zrf5sb1fglmxz8r8i8qyflyc-nghttp2-1.67.1-lib
  /nix/store/pp25xaldx1banfr67b6crg0vzpqvg6p9-nghttp2-1.67.1-lib
  /nix/store/x1avvg7xfcb6699afppcbd5qk24smg4n-nghttp3-1.13.1
  /nix/store/zi565pibhgz582kxliylqpvmq1gq9z71-ngtcp2-1.18.0
  /nix/store/0fcmv6kr1qw5h2ahd95yjfcal427676j-nss-cacert-3.119.1
  /nix/store/g7lir5wb7g1a31szgw6n5wa0kbsq04zd-openssl-3.6.0
  /nix/store/j7368sjzibfyzh6kkr6b70zblw17i602-openssl-3.6.0
  /nix/store/mi2gmmmhmyjlcjd7gq0jq7nkx599m6lc-openssl-3.6.0-bin
  /nix/store/q6zwrig7ymwbn5hi44py5ai1ixh847s3-openssl-3.6.0-dev
  /nix/store/wwij6563c6wbg4kzgjhng7vlhf7api19-patch-2.8
  /nix/store/c2p7haf4zzkbrir9zs662r68c5dmylbq-patchelf-0.15.2
  /nix/store/0kgwmi3n8ml2a041a5y9y9ycga3md4dq-pcre2-10.46
  /nix/store/wzch4417m2inmr4xgh4y43acbbc2m41z-publicsuffix-list-0-unstable-2025-12-28
  /nix/store/8pqj80100baxyhcl9g03b7ywpj4s5mah-readline-8.3p3
  /nix/store/gidygr7l2i5kckd3zv9kfjcymxcycw6y-stdenv-linux
  /nix/store/lajqvvaxn87hc409wkxlzfq89ycf0pw4-stdenv-linux
  /nix/store/r29gp232igs3m47s7lfcaalfashd82bf-tzdata-2025c
  /nix/store/y03z7y8cgdck7vk8qpim30vps4d22gzv-update-autotools-gnu-config-scripts-hook
  /nix/store/kbijm6lc9va8xann3cfyam0vczzmwkxj-xgcc-15.2.0-libgcc
  /nix/store/59k463mhfy0i74i6w7d9jabd2rzand2v-xz-5.8.2
  /nix/store/zys6d102zp171wpwcs08g632886w2qxs-xz-5.8.2-bin
  /nix/store/ri9paa3mri4kqakljak8ldvbcp7lpmif-zlib-1.3.1
  /nix/store/wlafyp4d5mjdfvkj88m4l2a84fzcxjfv-zlib-1.3.1-dev
  /nix/store/2xazfdiazlxjphvhqcghy74bj9890vq1-zlib-ng-2.3.2
  /nix/store/hqjka260vqvnl1k73dwqqqhcx0yiy6c0-zstd-1.5.7
copying path '/nix/store/dm16iwd2p8abxly30iy0idkvzpp0w5zy-iana-etc-20250505' from 'https://cache.nixos.org'...
copying path '/nix/store/3n5kqpahwmk8va5mkygqjj0mn9hqd72n-mailcap-2.1.54' from 'https://cache.nixos.org'...
copying path '/nix/store/r29gp232igs3m47s7lfcaalfashd82bf-tzdata-2025c' from 'https://cache.nixos.org'...
copying path '/nix/store/bjgsr6vjn2zvp6xp28zf73ny8fnyy74b-gnu-config-2024-01-01' from 'https://cache.nixos.org'...
copying path '/nix/store/kbijm6lc9va8xann3cfyam0vczzmwkxj-xgcc-15.2.0-libgcc' from 'https://cache.nixos.org'...
copying path '/nix/store/yjmjazfwljzajwq54xlr7vfz77spzr9y-gcc-15.2.0-libgcc' from 'https://cache.nixos.org'...
copying path '/nix/store/pkphs076yz5ajnqczzj0588n6miph269-libunistring-1.4.1' from 'https://cache.nixos.org'...
copying path '/nix/store/3h3vbisciry5r5rvwbmn4ij8fvy1zx4b-linux-headers-6.18' from 'https://cache.nixos.org'...
copying path '/nix/store/1mjmg64bj09mjplbvsaabh58l18p0xjq-mirrors-list' from 'https://cache.nixos.org'...
copying path '/nix/store/0fcmv6kr1qw5h2ahd95yjfcal427676j-nss-cacert-3.119.1' from 'https://cache.nixos.org'...
copying path '/nix/store/l4yqm58fi4b50caazj7wmbzxam6arg0h-curl-8.17.0-man' from 'https://cache.nixos.org'...
copying path '/nix/store/i90b5jvf5f8k1hfai9aj29268580078d-nghttp2-1.67.1' from 'https://cache.nixos.org'...
copying path '/nix/store/wzch4417m2inmr4xgh4y43acbbc2m41z-publicsuffix-list-0-unstable-2025-12-28' from 'https://cache.nixos.org'...
copying path '/nix/store/y03z7y8cgdck7vk8qpim30vps4d22gzv-update-autotools-gnu-config-scripts-hook' from 'https://cache.nixos.org'...
copying path '/nix/store/d0d9wqmw5saaynfvmszsda3dmh5q82z8-libidn2-2.3.8' from 'https://cache.nixos.org'...
copying path '/nix/store/wb6rhpznjfczwlwx23zmdrrw74bayxw4-glibc-2.42-47' from 'https://cache.nixos.org'...
copying path '/nix/store/y6n0g6yj0hzdq31q1258jn372kflb4dg-attr-2.5.2' from 'https://cache.nixos.org'...
copying path '/nix/store/f15k3dpilmiyv6zgpib289rnjykgr1r4-bash-5.3p9' from 'https://cache.nixos.org'...
copying path '/nix/store/9v1irc5cj2644cf3j5r3z7x833cablh5-expand-response-params' from 'https://cache.nixos.org'...
copying path '/nix/store/q5hdxy658850yynggmkjblbqfgs1w4nq-brotli-1.2.0-lib' from 'https://cache.nixos.org'...
copying path '/nix/store/bhz2i66mwm3vdyslixazss6a46h48ib5-bzip2-1.0.8' from 'https://cache.nixos.org'...
copying path '/nix/store/g043h47ws2x7icy7qmy7ggqhybbcfk9k-ed-1.22.4' from 'https://cache.nixos.org'...
copying path '/nix/store/p5gjx03bq07a80zqibfi35yrryg5d74f-expat-2.7.3' from 'https://cache.nixos.org'...
copying path '/nix/store/2xq9rayckw8zq26k274xxlikn77jn60j-gawk-5.3.2' from 'https://cache.nixos.org'...
copying path '/nix/store/j2kgllgds4w7na8zqv1msi0mpvpjxda8-gcc-15.2.0-lib' from 'https://cache.nixos.org'...
copying path '/nix/store/0bdqq2z98kg2hfn3k60if6pb5fd5p10h-glibc-2.42-47-bin' from 'https://cache.nixos.org'...
copying path '/nix/store/vbah5c4rzy1q1hbqhginyxjhj8d4dj8j-gnumake-4.4.1' from 'https://cache.nixos.org'...
copying path '/nix/store/ryz8kcrm2bxpccllfqlb7qldsfnqp5c2-gnused-4.9' from 'https://cache.nixos.org'...
copying path '/nix/store/gmhmkl7vnkcwsm9pzykpi3wgwjrlgkwc-libpsl-0.21.5' from 'https://cache.nixos.org'...
copying path '/nix/store/1gzg2vdnhdbmbspyvw5gygn9hjjmlff0-gmp-6.3.0' from 'https://cache.nixos.org'...
copying path '/nix/store/igdw3jkpj7m445gfynips033jbf6179l-keyutils-1.6.3-lib' from 'https://cache.nixos.org'...
copying path '/nix/store/z2903hglhpxv4hyczli0ncdf09wmma92-ncurses-6.6' from 'https://cache.nixos.org'...
copying path '/nix/store/jgmb7ck2zrf5sb1fglmxz8r8i8qyflyc-nghttp2-1.67.1-lib' from 'https://cache.nixos.org'...
copying path '/nix/store/pp25xaldx1banfr67b6crg0vzpqvg6p9-nghttp2-1.67.1-lib' from 'https://cache.nixos.org'...
copying path '/nix/store/6gz4kzl3i8x44pssbnyiahvl5vyc9vcq-acl-2.3.2' from 'https://cache.nixos.org'...
copying path '/nix/store/x1avvg7xfcb6699afppcbd5qk24smg4n-nghttp3-1.13.1' from 'https://cache.nixos.org'...
copying path '/nix/store/g7lir5wb7g1a31szgw6n5wa0kbsq04zd-openssl-3.6.0' from 'https://cache.nixos.org'...
copying path '/nix/store/90yw24gqmwph4xjp4mqhpx1y1gcrvqla-bzip2-1.0.8-bin' from 'https://cache.nixos.org'...
copying path '/nix/store/j7368sjzibfyzh6kkr6b70zblw17i602-openssl-3.6.0' from 'https://cache.nixos.org'...
copying path '/nix/store/wwij6563c6wbg4kzgjhng7vlhf7api19-patch-2.8' from 'https://cache.nixos.org'...
copying path '/nix/store/zzvsjgylnphvhms3lgr2qlwdxmc68z66-go-1.25.5' from 'https://cache.nixos.org'...
copying path '/nix/store/84yyzmxs7mb8nhkvcfv9n1l9irpb6mnq-gzip-1.14' from 'https://cache.nixos.org'...
copying path '/nix/store/qyg62bc2xnpwz0fa9prqxvvk00zj4g9q-gnutar-1.35' from 'https://cache.nixos.org'...
copying path '/nix/store/56q5bvy8f9njwsqj723cjkfhaz70y5i7-isl-0.20' from 'https://cache.nixos.org'...
copying path '/nix/store/v68a321jp4xqmbk0ly5yn1x4a3ky1y8a-mpfr-4.2.2' from 'https://cache.nixos.org'...
copying path '/nix/store/r3f4zs56fzpahwnykhr3wbl1j33ksvxr-nghttp2-1.67.1-dev' from 'https://cache.nixos.org'...
copying path '/nix/store/0kgwmi3n8ml2a041a5y9y9ycga3md4dq-pcre2-10.46' from 'https://cache.nixos.org'...
copying path '/nix/store/59k463mhfy0i74i6w7d9jabd2rzand2v-xz-5.8.2' from 'https://cache.nixos.org'...
copying path '/nix/store/ri9paa3mri4kqakljak8ldvbcp7lpmif-zlib-1.3.1' from 'https://cache.nixos.org'...
copying path '/nix/store/2xazfdiazlxjphvhqcghy74bj9890vq1-zlib-ng-2.3.2' from 'https://cache.nixos.org'...
copying path '/nix/store/rwalsamz4246k8f1zzxa54qx7w3fbzdg-glibc-2.42-47-dev' from 'https://cache.nixos.org'...
copying path '/nix/store/c9fc5jv4nm5c6n60k3m38n57c66hb9i0-binutils-2.44-lib' from 'https://cache.nixos.org'...
copying path '/nix/store/nyy0bvgjwd98x7ih8pl6pr79qjljgsf7-file-5.45' from 'https://cache.nixos.org'...
copying path '/nix/store/wlafyp4d5mjdfvkj88m4l2a84fzcxjfv-zlib-1.3.1-dev' from 'https://cache.nixos.org'...
copying path '/nix/store/0jwkg5vcr4b4zi5r5xlg4nizd7h26776-libmpc-1.3.1' from 'https://cache.nixos.org'...
copying path '/nix/store/02vv0r262agf9j5n2y1gmbjvdf12zkl0-gnugrep-3.12' from 'https://cache.nixos.org'...
copying path '/nix/store/zys6d102zp171wpwcs08g632886w2qxs-xz-5.8.2-bin' from 'https://cache.nixos.org'...
copying path '/nix/store/ykz6g9bnl3kka132wiw355rzk0bibdqn-gettext-0.25.1' from 'https://cache.nixos.org'...
copying path '/nix/store/fg597zq78kc4dpbh0is4khy1qfd81xw4-gmp-with-cxx-6.3.0' from 'https://cache.nixos.org'...
copying path '/nix/store/c2p7haf4zzkbrir9zs662r68c5dmylbq-patchelf-0.15.2' from 'https://cache.nixos.org'...
copying path '/nix/store/hqjka260vqvnl1k73dwqqqhcx0yiy6c0-zstd-1.5.7' from 'https://cache.nixos.org'...
copying path '/nix/store/hia37415k8ckpwnp8wqi54lw6xfxhvgl-krb5-1.22.1-lib' from 'https://cache.nixos.org'...
copying path '/nix/store/6jdchk7hlm0mzi9lgq69p0292y7n89vj-libssh2-1.11.1' from 'https://cache.nixos.org'...
copying path '/nix/store/zi565pibhgz582kxliylqpvmq1gq9z71-ngtcp2-1.18.0' from 'https://cache.nixos.org'...
copying path '/nix/store/8pqj80100baxyhcl9g03b7ywpj4s5mah-readline-8.3p3' from 'https://cache.nixos.org'...
copying path '/nix/store/psvbc8fpgh9qgqfp5ymnr7h0jla36f7p-krb5-1.22.1-lib' from 'https://cache.nixos.org'...
copying path '/nix/store/vbsr171scsnz906q7v0ivi6vj4zk8pf1-libssh2-1.11.1' from 'https://cache.nixos.org'...
copying path '/nix/store/mi2gmmmhmyjlcjd7gq0jq7nkx599m6lc-openssl-3.6.0-bin' from 'https://cache.nixos.org'...
copying path '/nix/store/mjf8jlq9grydcdvyw6hb063x5c34g5gf-gcc-15.2.0' from 'https://cache.nixos.org'...
copying path '/nix/store/47mn80zqpygykqailwzw8zlag4cgl75q-binutils-2.44' from 'https://cache.nixos.org'...
copying path '/nix/store/i2vmgx46q9hd3z6rigaiman3wl3i2gc4-coreutils-9.9' from 'https://cache.nixos.org'...
copying path '/nix/store/x12lw455sq6qy2wcya85d7rb88ybc3df-bash-interactive-5.3p9' from 'https://cache.nixos.org'...
copying path '/nix/store/q6zwrig7ymwbn5hi44py5ai1ixh847s3-openssl-3.6.0-dev' from 'https://cache.nixos.org'...
copying path '/nix/store/8ylzjm58ghiq60vklfy58j14sgryjjzw-curl-8.17.0' from 'https://cache.nixos.org'...
copying path '/nix/store/z2p2fghmmlz811h4m5gf8dvv831n7pd1-curl-8.17.0' from 'https://cache.nixos.org'...
copying path '/nix/store/kxfavk87jb5rwhi05qbyk8anlwvw1jk8-krb5-1.22.1' from 'https://cache.nixos.org'...
copying path '/nix/store/3p87h6dn5i87i3iq9364imzbqgwvkg2p-diffutils-3.12' from 'https://cache.nixos.org'...
copying path '/nix/store/16wfacfgap3chf7mcjnd8dwi85dj4qqi-findutils-4.10.0' from 'https://cache.nixos.org'...
copying path '/nix/store/84lsi0ixsc5jvms03v6x2dyq8kyy2k0z-libssh2-1.11.1-dev' from 'https://cache.nixos.org'...
copying path '/nix/store/nkcdnynzmpivn89lqqz3iby95w36vbfi-curl-8.17.0-bin' from 'https://cache.nixos.org'...
copying path '/nix/store/gi64nay165p6423nbzncp4xiq1sryx9m-krb5-1.22.1-dev' from 'https://cache.nixos.org'...
copying path '/nix/store/lajqvvaxn87hc409wkxlzfq89ycf0pw4-stdenv-linux' from 'https://cache.nixos.org'...
copying path '/nix/store/1zpdv6g5dawfialmjqnrizmg9c27df8k-curl-8.17.0-dev' from 'https://cache.nixos.org'...
copying path '/nix/store/a8mapvrhrzw6ahgb7iv72h3jbm5ghwdy-git-minimal-2.52.0' from 'https://cache.nixos.org'...
building '/nix/store/7slkcni32474yzpdfqy9sn76jbsigqwk-source.drv'...
copying path '/nix/store/i6ppbrlpp6yki8qvka7nyv091xa8dchx-binutils-wrapper-2.44' from 'https://cache.nixos.org'...
copying path '/nix/store/a245z3cvf9x9sn0xlk6k8j9xhxbhda1z-gcc-wrapper-15.2.0' from 'https://cache.nixos.org'...
copying path '/nix/store/gidygr7l2i5kckd3zv9kfjcymxcycw6y-stdenv-linux' from 'https://cache.nixos.org'...
building '/nix/store/dbbxyk1ry3dvwrlw7rgyad022qaagrxw-wut-0.1.3-go-modules.drv'...
error: Cannot build '/nix/store/dbbxyk1ry3dvwrlw7rgyad022qaagrxw-wut-0.1.3-go-modules.drv'.
       Reason: builder failed with exit code 1.
       Output paths:
         /nix/store/kqnnp65398xzyz75w494lghdrdmpn2pi-wut-0.1.3-go-modules
       Last 8 log lines:
       > Running phase: unpackPhase
       > unpacking source archive /nix/store/zn8yx1inkwm157kkiyvxky1m2rr5v7ir-source
       > source root is source
       > Running phase: patchPhase
       > Running phase: updateAutotoolsGnuConfigScriptsPhase
       > Running phase: configurePhase
       > Running phase: buildPhase
       > go: go.mod requires go >= 1.25.6 (running go 1.25.5; GOTOOLCHAIN=local)
       For full logs, run:
         nix log /nix/store/dbbxyk1ry3dvwrlw7rgyad022qaagrxw-wut-0.1.3-go-modules.drv
error: Cannot build '/nix/store/nkagii7hp0cwdv80klwq8g62xff6f6fa-wut-0.1.3.drv'.
       Reason: 1 dependency failed.
       Output paths:
         /nix/store/7g3j0b12v9yprjc3agmvxv04594cwjva-wut-0.1.3
❌ git+file:///home/runner/work/dots/dots?shallow=1#nixosConfigurations.horace.pkgs.wut
error: Build failed due to failed dependency
